<?xml version="1.0" encoding="UTF-8"?>
<!-- Generated by org.testng.reporters.JUnitReportReporter -->
<testsuite hostname="DESKTOP-175D9K0" failures="0" tests="1" name="testCases.TC_001_Registartion" time="13.429" errors="0" timestamp="2024-05-24T15:31:25 IST" skipped="0">
  <testcase classname="testCases.TC_001_Registartion" name="CreateAccount" time="13.429"/>
</testsuite> <!-- testCases.TC_001_Registartion -->
