<?xml version="1.0" encoding="UTF-8"?>
<!-- Generated by org.testng.reporters.JUnitReportReporter -->
<testsuite hostname="DESKTOP-175D9K0" failures="0" tests="1" name="testCases.TC_002_OpenNewAccount" time="11.380" errors="0" timestamp="2024-05-24T15:31:25 IST" skipped="0">
  <testcase classname="testCases.TC_002_OpenNewAccount" name="NewAccount" time="11.380"/>
</testsuite> <!-- testCases.TC_002_OpenNewAccount -->
